2025-08-12 20:29:26,580 INFO Scheduler started
2025-08-12 20:29:26,610 INFO [31m[1mWARNING: This is a development server. Do not use it in a production deployment. Use a production WSGI server instead.[0m
 * Running on http://127.0.0.1:5000
2025-08-12 20:29:26,610 INFO [33mPress CTRL+C to quit[0m
2025-08-12 20:29:26,613 INFO  * Restarting with stat
2025-08-12 20:29:27,422 WARNING  * Debugger is active!
2025-08-12 20:29:27,428 INFO  * Debugger PIN: 148-844-231
2025-08-12 20:29:28,762 INFO 127.0.0.1 - - [12/Aug/2025 20:29:28] "GET /api/utils/health HTTP/1.1" 200 -
2025-08-12 20:29:46,835 INFO Running job "clear_expired_carts_job (trigger: interval[0:01:00], next run at: 2025-08-12 20:29:46 CEST)" (scheduled at 2025-08-12 20:29:46.821576+02:00)
2025-08-12 20:29:46,837 ERROR Job "clear_expired_carts_job (trigger: interval[0:01:00], next run at: 2025-08-12 20:30:46 CEST)" raised an exception
Traceback (most recent call last):
  File "C:\Repozytorium Programy\Praca__Dyplomowa_Bartosz_Cempura\Webpage\backend\env\Lib\site-packages\apscheduler\executors\base.py", line 131, in run_job
    retval = job.func(*job.args, **job.kwargs)
             ^^^^^^^^^^^^^^^^^^^^^^^^^^^^^^^^^
TypeError: clear_expired_carts() missing 1 required positional argument: 'app'
2025-08-12 20:30:46,836 INFO Running job "clear_expired_carts_job (trigger: interval[0:01:00], next run at: 2025-08-12 20:31:46 CEST)" (scheduled at 2025-08-12 20:30:46.821576+02:00)
2025-08-12 20:30:46,837 ERROR Job "clear_expired_carts_job (trigger: interval[0:01:00], next run at: 2025-08-12 20:31:46 CEST)" raised an exception
Traceback (most recent call last):
  File "C:\Repozytorium Programy\Praca__Dyplomowa_Bartosz_Cempura\Webpage\backend\env\Lib\site-packages\apscheduler\executors\base.py", line 131, in run_job
    retval = job.func(*job.args, **job.kwargs)
             ^^^^^^^^^^^^^^^^^^^^^^^^^^^^^^^^^
TypeError: clear_expired_carts() missing 1 required positional argument: 'app'
2025-08-12 20:31:46,837 INFO Running job "clear_expired_carts_job (trigger: interval[0:01:00], next run at: 2025-08-12 20:32:46 CEST)" (scheduled at 2025-08-12 20:31:46.821576+02:00)
2025-08-12 20:31:46,837 ERROR Job "clear_expired_carts_job (trigger: interval[0:01:00], next run at: 2025-08-12 20:32:46 CEST)" raised an exception
Traceback (most recent call last):
  File "C:\Repozytorium Programy\Praca__Dyplomowa_Bartosz_Cempura\Webpage\backend\env\Lib\site-packages\apscheduler\executors\base.py", line 131, in run_job
    retval = job.func(*job.args, **job.kwargs)
             ^^^^^^^^^^^^^^^^^^^^^^^^^^^^^^^^^
TypeError: clear_expired_carts() missing 1 required positional argument: 'app'
2025-08-12 20:32:51,055 INFO Scheduler started
2025-08-12 20:33:25,747 INFO Scheduler started
2025-08-12 20:43:39,767 INFO [31m[1mWARNING: This is a development server. Do not use it in a production deployment. Use a production WSGI server instead.[0m
 * Running on http://127.0.0.1:5000
2025-08-12 20:43:39,767 INFO [33mPress CTRL+C to quit[0m
2025-08-12 20:43:39,775 INFO  * Restarting with stat
2025-08-12 20:43:40,597 WARNING  * Debugger is active!
2025-08-12 20:43:40,607 INFO  * Debugger PIN: 148-844-231
2025-08-12 20:43:41,940 INFO 127.0.0.1 - - [12/Aug/2025 20:43:41] "GET /api/utils/health HTTP/1.1" 200 -
2025-08-12 20:44:54,728 INFO  * Detected change in 'C:\\Repozytorium Programy\\Praca__Dyplomowa_Bartosz_Cempura\\Webpage\\backend\\utils.py', reloading
2025-08-12 20:44:54,811 INFO  * Restarting with stat
